2020-05-09 00:06:48.774  INFO 11048 --- [main] c.s.c.service.RepairServiceTest          : Starting RepairServiceTest on DESKTOP-LT5V1F7 with PID 11048 (started by Audient in D:\Java\ideaApp\community_management)
2020-05-09 00:06:49.320  INFO 11048 --- [main] c.s.c.service.RepairServiceTest          : No active profile set, falling back to default profiles: default
2020-05-09 00:07:15.683  INFO 11048 --- [main] o.s.s.concurrent.ThreadPoolTaskExecutor  : Initializing ExecutorService 'applicationTaskExecutor'
2020-05-09 00:07:16.908  INFO 11048 --- [main] c.s.c.service.RepairServiceTest          : Started RepairServiceTest in 37.084 seconds (JVM running for 57.376)
2020-05-09 00:07:27.075  INFO 11048 --- [main] com.alibaba.druid.pool.DruidDataSource   : {dataSource-1} inited
2020-05-09 00:07:28.670  INFO 11048 --- [SpringContextShutdownHook] o.s.s.concurrent.ThreadPoolTaskExecutor  : Shutting down ExecutorService 'applicationTaskExecutor'
2020-05-09 00:07:28.697  INFO 11048 --- [SpringContextShutdownHook] com.alibaba.druid.pool.DruidDataSource   : {dataSource-1} closing ...
2020-05-09 00:07:28.806  INFO 11048 --- [SpringContextShutdownHook] com.alibaba.druid.pool.DruidDataSource   : {dataSource-1} closed
2020-05-09 00:14:37.860  INFO 8336 --- [main] c.s.c.service.RepairServiceTest          : Starting RepairServiceTest on DESKTOP-LT5V1F7 with PID 8336 (started by Audient in D:\Java\ideaApp\community_management)
2020-05-09 00:14:37.887  INFO 8336 --- [main] c.s.c.service.RepairServiceTest          : No active profile set, falling back to default profiles: default
2020-05-09 00:14:57.205  INFO 8336 --- [main] o.s.s.concurrent.ThreadPoolTaskExecutor  : Initializing ExecutorService 'applicationTaskExecutor'
2020-05-09 00:14:58.271  INFO 8336 --- [main] c.s.c.service.RepairServiceTest          : Started RepairServiceTest in 26.933 seconds (JVM running for 40.769)
2020-05-09 00:15:07.788  INFO 8336 --- [main] com.alibaba.druid.pool.DruidDataSource   : {dataSource-1} inited
2020-05-09 00:15:10.677  INFO 8336 --- [SpringContextShutdownHook] o.s.s.concurrent.ThreadPoolTaskExecutor  : Shutting down ExecutorService 'applicationTaskExecutor'
2020-05-09 00:15:10.780  INFO 8336 --- [SpringContextShutdownHook] com.alibaba.druid.pool.DruidDataSource   : {dataSource-1} closing ...
2020-05-09 00:15:10.867  INFO 8336 --- [SpringContextShutdownHook] com.alibaba.druid.pool.DruidDataSource   : {dataSource-1} closed
2020-05-09 00:16:35.059  INFO 5708 --- [main] c.s.c.service.RepairServiceTest          : Starting RepairServiceTest on DESKTOP-LT5V1F7 with PID 5708 (started by Audient in D:\Java\ideaApp\community_management)
2020-05-09 00:16:35.075  INFO 5708 --- [main] c.s.c.service.RepairServiceTest          : No active profile set, falling back to default profiles: default
2020-05-09 00:16:38.947  INFO 5708 --- [main] o.s.s.concurrent.ThreadPoolTaskExecutor  : Initializing ExecutorService 'applicationTaskExecutor'
2020-05-09 00:16:39.587  INFO 5708 --- [main] c.s.c.service.RepairServiceTest          : Started RepairServiceTest in 6.472 seconds (JVM running for 13.237)
2020-05-09 00:16:43.034  INFO 5708 --- [main] com.alibaba.druid.pool.DruidDataSource   : {dataSource-1} inited
2020-05-09 00:16:43.951  INFO 5708 --- [SpringContextShutdownHook] o.s.s.concurrent.ThreadPoolTaskExecutor  : Shutting down ExecutorService 'applicationTaskExecutor'
2020-05-09 00:16:43.991  INFO 5708 --- [SpringContextShutdownHook] com.alibaba.druid.pool.DruidDataSource   : {dataSource-1} closing ...
2020-05-09 00:16:44.031  INFO 5708 --- [SpringContextShutdownHook] com.alibaba.druid.pool.DruidDataSource   : {dataSource-1} closed
2020-05-09 00:17:13.689  INFO 7412 --- [main] c.s.c.service.RepairServiceTest          : Starting RepairServiceTest on DESKTOP-LT5V1F7 with PID 7412 (started by Audient in D:\Java\ideaApp\community_management)
2020-05-09 00:17:13.691  INFO 7412 --- [main] c.s.c.service.RepairServiceTest          : No active profile set, falling back to default profiles: default
2020-05-09 00:17:19.362  INFO 7412 --- [main] o.s.s.concurrent.ThreadPoolTaskExecutor  : Initializing ExecutorService 'applicationTaskExecutor'
2020-05-09 00:17:19.961  INFO 7412 --- [main] c.s.c.service.RepairServiceTest          : Started RepairServiceTest in 7.267 seconds (JVM running for 9.883)
2020-05-09 00:17:21.889  INFO 7412 --- [main] com.alibaba.druid.pool.DruidDataSource   : {dataSource-1} inited
2020-05-09 00:17:22.839  INFO 7412 --- [SpringContextShutdownHook] o.s.s.concurrent.ThreadPoolTaskExecutor  : Shutting down ExecutorService 'applicationTaskExecutor'
2020-05-09 00:17:22.840  INFO 7412 --- [SpringContextShutdownHook] com.alibaba.druid.pool.DruidDataSource   : {dataSource-1} closing ...
2020-05-09 00:17:22.865  INFO 7412 --- [SpringContextShutdownHook] com.alibaba.druid.pool.DruidDataSource   : {dataSource-1} closed
2020-05-09 00:18:13.094  INFO 6248 --- [main] c.s.c.service.RepairServiceTest          : Starting RepairServiceTest on DESKTOP-LT5V1F7 with PID 6248 (started by Audient in D:\Java\ideaApp\community_management)
2020-05-09 00:18:13.097  INFO 6248 --- [main] c.s.c.service.RepairServiceTest          : No active profile set, falling back to default profiles: default
2020-05-09 00:18:17.525  INFO 6248 --- [main] o.s.s.concurrent.ThreadPoolTaskExecutor  : Initializing ExecutorService 'applicationTaskExecutor'
2020-05-09 00:18:18.008  INFO 6248 --- [main] c.s.c.service.RepairServiceTest          : Started RepairServiceTest in 5.784 seconds (JVM running for 7.605)
2020-05-09 00:18:20.113  INFO 6248 --- [main] com.alibaba.druid.pool.DruidDataSource   : {dataSource-1} inited
2020-05-09 00:18:20.548  INFO 6248 --- [SpringContextShutdownHook] o.s.s.concurrent.ThreadPoolTaskExecutor  : Shutting down ExecutorService 'applicationTaskExecutor'
2020-05-09 00:18:20.551  INFO 6248 --- [SpringContextShutdownHook] com.alibaba.druid.pool.DruidDataSource   : {dataSource-1} closing ...
2020-05-09 00:18:20.559  INFO 6248 --- [SpringContextShutdownHook] com.alibaba.druid.pool.DruidDataSource   : {dataSource-1} closed
2020-05-09 00:18:29.086  INFO 13236 --- [main] c.s.c.service.RepairServiceTest          : Starting RepairServiceTest on DESKTOP-LT5V1F7 with PID 13236 (started by Audient in D:\Java\ideaApp\community_management)
2020-05-09 00:18:29.088  INFO 13236 --- [main] c.s.c.service.RepairServiceTest          : No active profile set, falling back to default profiles: default
2020-05-09 00:18:32.396  INFO 13236 --- [main] o.s.s.concurrent.ThreadPoolTaskExecutor  : Initializing ExecutorService 'applicationTaskExecutor'
2020-05-09 00:18:32.868  INFO 13236 --- [main] c.s.c.service.RepairServiceTest          : Started RepairServiceTest in 4.594 seconds (JVM running for 6.581)
2020-05-09 00:18:34.769  INFO 13236 --- [main] com.alibaba.druid.pool.DruidDataSource   : {dataSource-1} inited
2020-05-09 00:18:35.278  INFO 13236 --- [SpringContextShutdownHook] o.s.s.concurrent.ThreadPoolTaskExecutor  : Shutting down ExecutorService 'applicationTaskExecutor'
2020-05-09 00:18:35.280  INFO 13236 --- [SpringContextShutdownHook] com.alibaba.druid.pool.DruidDataSource   : {dataSource-1} closing ...
2020-05-09 00:18:35.291  INFO 13236 --- [SpringContextShutdownHook] com.alibaba.druid.pool.DruidDataSource   : {dataSource-1} closed
2020-05-09 00:19:38.591  INFO 12536 --- [main] c.s.c.service.RepairServiceTest          : Starting RepairServiceTest on DESKTOP-LT5V1F7 with PID 12536 (started by Audient in D:\Java\ideaApp\community_management)
2020-05-09 00:19:38.594  INFO 12536 --- [main] c.s.c.service.RepairServiceTest          : No active profile set, falling back to default profiles: default
2020-05-09 00:19:41.511  INFO 12536 --- [main] o.s.s.concurrent.ThreadPoolTaskExecutor  : Initializing ExecutorService 'applicationTaskExecutor'
2020-05-09 00:19:41.972  INFO 12536 --- [main] c.s.c.service.RepairServiceTest          : Started RepairServiceTest in 4.034 seconds (JVM running for 6.33)
2020-05-09 00:19:43.645  INFO 12536 --- [main] com.alibaba.druid.pool.DruidDataSource   : {dataSource-1} inited
2020-05-09 00:19:43.982  INFO 12536 --- [SpringContextShutdownHook] o.s.s.concurrent.ThreadPoolTaskExecutor  : Shutting down ExecutorService 'applicationTaskExecutor'
2020-05-09 00:19:43.985  INFO 12536 --- [SpringContextShutdownHook] com.alibaba.druid.pool.DruidDataSource   : {dataSource-1} closing ...
2020-05-09 00:19:43.995  INFO 12536 --- [SpringContextShutdownHook] com.alibaba.druid.pool.DruidDataSource   : {dataSource-1} closed
2020-05-09 00:24:00.761  INFO 10844 --- [main] c.s.c.controller.RepairControllerTest    : Starting RepairControllerTest on DESKTOP-LT5V1F7 with PID 10844 (started by Audient in D:\Java\ideaApp\community_management)
2020-05-09 00:24:00.763  INFO 10844 --- [main] c.s.c.controller.RepairControllerTest    : No active profile set, falling back to default profiles: default
2020-05-09 00:24:06.283  INFO 10844 --- [main] o.s.s.concurrent.ThreadPoolTaskExecutor  : Initializing ExecutorService 'applicationTaskExecutor'
2020-05-09 00:24:07.009  INFO 10844 --- [main] c.s.c.controller.RepairControllerTest    : Started RepairControllerTest in 7.082 seconds (JVM running for 9.121)
2020-05-09 00:24:08.191  INFO 10844 --- [main] o.s.mock.web.MockServletContext          : Initializing Spring TestDispatcherServlet ''
2020-05-09 00:24:08.191  INFO 10844 --- [main] o.s.t.web.servlet.TestDispatcherServlet  : Initializing Servlet ''
2020-05-09 00:24:08.192  INFO 10844 --- [main] o.s.t.web.servlet.TestDispatcherServlet  : Completed initialization in 0 ms
2020-05-09 00:24:12.414  INFO 10844 --- [main] com.alibaba.druid.pool.DruidDataSource   : {dataSource-1} inited
2020-05-09 00:24:13.251  INFO 10844 --- [SpringContextShutdownHook] o.s.s.concurrent.ThreadPoolTaskExecutor  : Shutting down ExecutorService 'applicationTaskExecutor'
2020-05-09 00:24:13.254  INFO 10844 --- [SpringContextShutdownHook] com.alibaba.druid.pool.DruidDataSource   : {dataSource-1} closing ...
2020-05-09 00:24:13.279  INFO 10844 --- [SpringContextShutdownHook] com.alibaba.druid.pool.DruidDataSource   : {dataSource-1} closed
2020-05-09 00:25:38.800  INFO 4616 --- [main] c.s.c.controller.RepairControllerTest    : Starting RepairControllerTest on DESKTOP-LT5V1F7 with PID 4616 (started by Audient in D:\Java\ideaApp\community_management)
2020-05-09 00:25:38.805  INFO 4616 --- [main] c.s.c.controller.RepairControllerTest    : No active profile set, falling back to default profiles: default
2020-05-09 00:25:44.351  INFO 4616 --- [main] o.s.s.concurrent.ThreadPoolTaskExecutor  : Initializing ExecutorService 'applicationTaskExecutor'
2020-05-09 00:25:45.019  INFO 4616 --- [main] c.s.c.controller.RepairControllerTest    : Started RepairControllerTest in 6.852 seconds (JVM running for 8.644)
2020-05-09 00:25:46.172  INFO 4616 --- [main] o.s.mock.web.MockServletContext          : Initializing Spring TestDispatcherServlet ''
2020-05-09 00:25:46.172  INFO 4616 --- [main] o.s.t.web.servlet.TestDispatcherServlet  : Initializing Servlet ''
2020-05-09 00:25:46.173  INFO 4616 --- [main] o.s.t.web.servlet.TestDispatcherServlet  : Completed initialization in 0 ms
2020-05-09 00:25:48.258  INFO 4616 --- [main] com.alibaba.druid.pool.DruidDataSource   : {dataSource-1} inited
2020-05-09 00:25:49.800  INFO 4616 --- [SpringContextShutdownHook] o.s.s.concurrent.ThreadPoolTaskExecutor  : Shutting down ExecutorService 'applicationTaskExecutor'
2020-05-09 00:25:49.803  INFO 4616 --- [SpringContextShutdownHook] com.alibaba.druid.pool.DruidDataSource   : {dataSource-1} closing ...
2020-05-09 00:25:49.858  INFO 4616 --- [SpringContextShutdownHook] com.alibaba.druid.pool.DruidDataSource   : {dataSource-1} closed
2020-05-09 00:27:22.072  INFO 12128 --- [main] c.s.c.controller.RepairControllerTest    : Starting RepairControllerTest on DESKTOP-LT5V1F7 with PID 12128 (started by Audient in D:\Java\ideaApp\community_management)
2020-05-09 00:27:22.075  INFO 12128 --- [main] c.s.c.controller.RepairControllerTest    : No active profile set, falling back to default profiles: default
2020-05-09 00:27:25.879  INFO 12128 --- [main] o.s.s.concurrent.ThreadPoolTaskExecutor  : Initializing ExecutorService 'applicationTaskExecutor'
2020-05-09 00:27:26.347  INFO 12128 --- [main] c.s.c.controller.RepairControllerTest    : Started RepairControllerTest in 5.224 seconds (JVM running for 6.884)
2020-05-09 00:27:27.191  INFO 12128 --- [main] o.s.mock.web.MockServletContext          : Initializing Spring TestDispatcherServlet ''
2020-05-09 00:27:27.191  INFO 12128 --- [main] o.s.t.web.servlet.TestDispatcherServlet  : Initializing Servlet ''
2020-05-09 00:27:27.192  INFO 12128 --- [main] o.s.t.web.servlet.TestDispatcherServlet  : Completed initialization in 0 ms
2020-05-09 00:27:30.922  INFO 12128 --- [main] com.alibaba.druid.pool.DruidDataSource   : {dataSource-1} inited
2020-05-09 00:27:32.266  INFO 12128 --- [SpringContextShutdownHook] o.s.s.concurrent.ThreadPoolTaskExecutor  : Shutting down ExecutorService 'applicationTaskExecutor'
2020-05-09 00:27:32.268  INFO 12128 --- [SpringContextShutdownHook] com.alibaba.druid.pool.DruidDataSource   : {dataSource-1} closing ...
2020-05-09 00:27:32.292  INFO 12128 --- [SpringContextShutdownHook] com.alibaba.druid.pool.DruidDataSource   : {dataSource-1} closed
2020-05-09 00:30:58.793  INFO 8544 --- [main] c.s.c.controller.RepairControllerTest    : Starting RepairControllerTest on DESKTOP-LT5V1F7 with PID 8544 (started by Audient in D:\Java\ideaApp\community_management)
2020-05-09 00:30:58.796  INFO 8544 --- [main] c.s.c.controller.RepairControllerTest    : No active profile set, falling back to default profiles: default
2020-05-09 00:31:02.899  INFO 8544 --- [main] o.s.s.concurrent.ThreadPoolTaskExecutor  : Initializing ExecutorService 'applicationTaskExecutor'
2020-05-09 00:31:03.349  INFO 8544 --- [main] c.s.c.controller.RepairControllerTest    : Started RepairControllerTest in 5.306 seconds (JVM running for 6.683)
2020-05-09 00:31:03.642  INFO 8544 --- [main] o.s.mock.web.MockServletContext          : Initializing Spring TestDispatcherServlet ''
2020-05-09 00:31:03.642  INFO 8544 --- [main] o.s.t.web.servlet.TestDispatcherServlet  : Initializing Servlet ''
2020-05-09 00:31:03.643  INFO 8544 --- [main] o.s.t.web.servlet.TestDispatcherServlet  : Completed initialization in 0 ms
2020-05-09 00:31:05.091  INFO 8544 --- [main] com.alibaba.druid.pool.DruidDataSource   : {dataSource-1} inited
2020-05-09 00:31:05.602  INFO 8544 --- [SpringContextShutdownHook] o.s.s.concurrent.ThreadPoolTaskExecutor  : Shutting down ExecutorService 'applicationTaskExecutor'
2020-05-09 00:31:05.603  INFO 8544 --- [SpringContextShutdownHook] com.alibaba.druid.pool.DruidDataSource   : {dataSource-1} closing ...
2020-05-09 00:31:05.610  INFO 8544 --- [SpringContextShutdownHook] com.alibaba.druid.pool.DruidDataSource   : {dataSource-1} closed
2020-05-09 00:32:02.952  INFO 12864 --- [main] c.s.c.controller.RepairControllerTest    : Starting RepairControllerTest on DESKTOP-LT5V1F7 with PID 12864 (started by Audient in D:\Java\ideaApp\community_management)
2020-05-09 00:32:02.955  INFO 12864 --- [main] c.s.c.controller.RepairControllerTest    : No active profile set, falling back to default profiles: default
2020-05-09 00:32:06.351  INFO 12864 --- [main] o.s.s.concurrent.ThreadPoolTaskExecutor  : Initializing ExecutorService 'applicationTaskExecutor'
2020-05-09 00:32:06.913  INFO 12864 --- [main] c.s.c.controller.RepairControllerTest    : Started RepairControllerTest in 4.918 seconds (JVM running for 6.45)
2020-05-09 00:32:07.278  INFO 12864 --- [main] o.s.mock.web.MockServletContext          : Initializing Spring TestDispatcherServlet ''
2020-05-09 00:32:07.278  INFO 12864 --- [main] o.s.t.web.servlet.TestDispatcherServlet  : Initializing Servlet ''
2020-05-09 00:32:07.279  INFO 12864 --- [main] o.s.t.web.servlet.TestDispatcherServlet  : Completed initialization in 1 ms
2020-05-09 00:32:10.572  INFO 12864 --- [main] com.alibaba.druid.pool.DruidDataSource   : {dataSource-1} inited
2020-05-09 00:32:11.295  INFO 12864 --- [SpringContextShutdownHook] o.s.s.concurrent.ThreadPoolTaskExecutor  : Shutting down ExecutorService 'applicationTaskExecutor'
2020-05-09 00:32:11.298  INFO 12864 --- [SpringContextShutdownHook] com.alibaba.druid.pool.DruidDataSource   : {dataSource-1} closing ...
2020-05-09 00:32:11.310  INFO 12864 --- [SpringContextShutdownHook] com.alibaba.druid.pool.DruidDataSource   : {dataSource-1} closed
2020-05-09 00:33:36.288  INFO 9856 --- [main] c.s.c.controller.RepairControllerTest    : Starting RepairControllerTest on DESKTOP-LT5V1F7 with PID 9856 (started by Audient in D:\Java\ideaApp\community_management)
2020-05-09 00:33:36.291  INFO 9856 --- [main] c.s.c.controller.RepairControllerTest    : No active profile set, falling back to default profiles: default
2020-05-09 00:33:40.147  INFO 9856 --- [main] o.s.s.concurrent.ThreadPoolTaskExecutor  : Initializing ExecutorService 'applicationTaskExecutor'
2020-05-09 00:33:40.635  INFO 9856 --- [main] c.s.c.controller.RepairControllerTest    : Started RepairControllerTest in 5.201 seconds (JVM running for 6.743)
2020-05-09 00:33:40.981  INFO 9856 --- [main] o.s.mock.web.MockServletContext          : Initializing Spring TestDispatcherServlet ''
2020-05-09 00:33:40.981  INFO 9856 --- [main] o.s.t.web.servlet.TestDispatcherServlet  : Initializing Servlet ''
2020-05-09 00:33:40.982  INFO 9856 --- [main] o.s.t.web.servlet.TestDispatcherServlet  : Completed initialization in 0 ms
2020-05-09 00:33:42.734  INFO 9856 --- [main] com.alibaba.druid.pool.DruidDataSource   : {dataSource-1} inited
2020-05-09 00:33:43.170  INFO 9856 --- [SpringContextShutdownHook] o.s.s.concurrent.ThreadPoolTaskExecutor  : Shutting down ExecutorService 'applicationTaskExecutor'
2020-05-09 00:33:43.172  INFO 9856 --- [SpringContextShutdownHook] com.alibaba.druid.pool.DruidDataSource   : {dataSource-1} closing ...
2020-05-09 00:33:43.188  INFO 9856 --- [SpringContextShutdownHook] com.alibaba.druid.pool.DruidDataSource   : {dataSource-1} closed
